<?xml version="1.0" encoding="UTF-8"?>
<!-- Generated by org.testng.reporters.JUnitXMLReporter -->
<testsuite ignored="0" hostname="DESKTOP-OD52FIN" failures="1" tests="3" name="Test" time="0.079" errors="0" timestamp="02 Jun 2019 19:35:22 GMT">
  <testcase classname="Day_26_testnglisteners.TestCase1" name="setup" time="0.025"/>
  <testcase classname="Day_26_testnglisteners.TestCase1" name="login" time="0.005">
    <failure type="java.lang.AssertionError" message="expected [true] but found [false]">
      <![CDATA[java.lang.AssertionError: expected [true] but found [false]
at Day_26_testnglisteners.TestCase1.login(TestCase1.java:19)
... Removed 29 stack frames]]>
    </failure>
  </testcase> <!-- login -->
  <testcase classname="Day_26_testnglisteners.TestCase1" name="logout" time="0.0">
    <skipped/>
  </testcase> <!-- logout -->
</testsuite> <!-- Test -->
