<?xml version="1.0" encoding="UTF-8"?>
<!-- Generated by org.testng.reporters.JUnitXMLReporter -->
<testsuite ignored="7" hostname="DESKTOP-OD52FIN" failures="0" tests="2" name="grouptest" time="0.06" errors="0" timestamp="31 May 2019 02:40:55 GMT">
  <testcase classname="Day_25_Grouping.GroupTestDemo" name="payementindollar" time="0.015"/>
  <testcase classname="Day_25_Grouping.GroupTestDemo" name="paymentReturnbybank" time="0.002"/>
  <testcase classname="Day_25_Grouping.GroupTestDemo" name="loginByemail" time="0.0">
    <ignored/>
  </testcase> <!-- loginByemail -->
  <testcase classname="Day_25_Grouping.GroupTestDemo" name="signupbyfacebook" time="0.0">
    <ignored/>
  </testcase> <!-- signupbyfacebook -->
  <testcase classname="Day_25_Grouping.GroupTestDemo" name="payementinrupees" time="0.0">
    <ignored/>
  </testcase> <!-- payementinrupees -->
  <testcase classname="Day_25_Grouping.GroupTestDemo" name="signupbytwitter" time="0.0">
    <ignored/>
  </testcase> <!-- signupbytwitter -->
  <testcase classname="Day_25_Grouping.GroupTestDemo" name="loginBytwitter" time="0.0">
    <ignored/>
  </testcase> <!-- loginBytwitter -->
  <testcase classname="Day_25_Grouping.GroupTestDemo" name="loginByfacebook" time="0.0">
    <ignored/>
  </testcase> <!-- loginByfacebook -->
  <testcase classname="Day_25_Grouping.GroupTestDemo" name="signupbyemail" time="0.0">
    <ignored/>
  </testcase> <!-- signupbyemail -->
</testsuite> <!-- grouptest -->
