<?xml version="1.0" encoding="UTF-8"?>
<!-- Generated by org.testng.reporters.JUnitXMLReporter -->
<testsuite ignored="0" hostname="DESKTOP-OD52FIN" failures="0" tests="6" name="test123" time="0.073" errors="0" timestamp="30 May 2019 20:42:12 GMT">
  <testcase classname="Day_23_TestNG.FirstTest" name="setup" time="0.012"/>
  <testcase classname="Day_23_TestNG.FirstTest" name="loginTest" time="0.001"/>
  <testcase classname="Day_23_TestNG.FirstTest" name="tearDown" time="0.002"/>
  <testcase classname="Day_23_TestNG.SecondTest" name="setup" time="0.001"/>
  <testcase classname="Day_23_TestNG.SecondTest" name="searchTest" time="0.001"/>
  <testcase classname="Day_23_TestNG.SecondTest" name="tearDown" time="0.002"/>
</testsuite> <!-- test123 -->
